<?xml version="1.0" encoding="UTF-8"?>
<!-- Generated by org.testng.reporters.JUnitReportReporter -->
<testsuite hostname="DESKTOP-VJN2BB9" name="com.script.TestDemo" tests="1" failures="0" timestamp="5 Jul 2017 12:34:51 GMT" time="64.093" errors="0">
  <testcase name="swipeabofapplication" time="64.093" classname="com.script.TestDemo"/>
</testsuite> <!-- com.script.TestDemo -->
