<?xml version="1.0" encoding="UTF-8"?>
<!-- Generated by org.testng.reporters.JUnitReportReporter -->
<testsuite hostname="DESKTOP-VJN2BB9" name="com.script.DragToEnd" tests="1" failures="0" timestamp="19 Jul 2017 09:01:45 GMT" time="30.046" errors="0">
  <testcase name="DragToEnd" time="30.046" classname="com.script.DragToEnd"/>
</testsuite> <!-- com.script.DragToEnd -->
