<?xml version="1.0" encoding="UTF-8"?>
<!-- Generated by org.testng.reporters.JUnitReportReporter -->
<testsuite hostname="DESKTOP-VJN2BB9" name="com.script.TC3_PLP" tests="1" failures="0" timestamp="18 Jul 2017 12:29:57 GMT" time="55.744" errors="0">
  <testcase name="TC3_PLP" time="55.744" classname="com.script.TC3_PLP"/>
</testsuite> <!-- com.script.TC3_PLP -->
