<?xml version="1.0" encoding="UTF-8"?>
<!-- Generated by org.testng.reporters.JUnitReportReporter -->
<testsuite hostname="DESKTOP-VJN2BB9" name="com.script.ToastMessage" tests="1" failures="0" timestamp="17 Jul 2017 09:31:22 GMT" time="58.740" errors="0">
  <testcase name="verifYToastMessage" time="58.740" classname="com.script.ToastMessage"/>
</testsuite> <!-- com.script.ToastMessage -->
