<?xml version="1.0" encoding="UTF-8"?>
<!-- Generated by org.testng.reporters.JUnitReportReporter -->
<testsuite hostname="DESKTOP-VJN2BB9" name="com.script.Swipe" tests="1" failures="0" timestamp="5 Jul 2017 05:05:29 GMT" time="71.375" errors="0">
  <testcase name="swipeabofapplication" time="71.375" classname="com.script.Swipe"/>
</testsuite> <!-- com.script.Swipe -->
