<?xml version="1.0" encoding="UTF-8"?>
<!-- Generated by org.testng.reporters.JUnitReportReporter -->
<testsuite hostname="DESKTOP-VJN2BB9" name="com.script.ToastMessage" tests="1" failures="0" timestamp="24 Jul 2017 06:30:11 GMT" time="65.704" errors="0">
  <testcase name="verifYToastMessage" time="65.704" classname="com.script.ToastMessage"/>
</testsuite> <!-- com.script.ToastMessage -->
