<?xml version="1.0" encoding="UTF-8"?>
<!-- Generated by org.testng.reporters.JUnitReportReporter -->
<testsuite hostname="DESKTOP-VJN2BB9" name="com.script.SC_1_PaymentTest" tests="1" failures="0" timestamp="18 Jul 2017 10:30:15 GMT" time="60.586" errors="0">
  <testcase name="SC_1_PaymentTest" time="60.586" classname="com.script.SC_1_PaymentTest"/>
</testsuite> <!-- com.script.SC_1_PaymentTest -->
