<?xml version="1.0" encoding="UTF-8"?>
<!-- Generated by org.testng.reporters.JUnitReportReporter -->
<testsuite hostname="DESKTOP-VJN2BB9" name="com.script.LocateElementAndClick" tests="1" failures="0" timestamp="20 Jul 2017 04:39:51 GMT" time="39.232" errors="0">
  <testcase name="LocateElementAndClick" time="39.232" classname="com.script.LocateElementAndClick"/>
</testsuite> <!-- com.script.LocateElementAndClick -->
