<?xml version="1.0" encoding="UTF-8"?>
<!-- Generated by org.testng.reporters.JUnitReportReporter -->
<testsuite hostname="DESKTOP-VJN2BB9" name="com.script.TC2_PLP" tests="1" failures="0" timestamp="18 Jul 2017 12:13:32 GMT" time="54.094" errors="0">
  <testcase name="TC2_PLP" time="54.094" classname="com.script.TC2_PLP"/>
</testsuite> <!-- com.script.TC2_PLP -->
